<?xml version="1.0" encoding="UTF-8"?>
<!-- Generated by org.testng.reporters.JUnitReportReporter -->
<testsuite hostname="LAPTOP-0H005IDA" name="com.qa.opencart.tests.Loginpagetest" tests="1" failures="0" timestamp="29 May 2022 01:48:30 GMT" time="0.074" errors="0">
  <testcase name="getLoginPageTitle" time="0.074" classname="com.qa.opencart.tests.Loginpagetest"/>
</testsuite> <!-- com.qa.opencart.tests.Loginpagetest -->
